<?xml version="1.0" encoding="UTF-8"?>
<testng-results ignored="0" total="2" passed="2" failed="0" skipped="0">
  <reporter-output>
  </reporter-output>
  <suite started-at="2020-10-21T07:01:21Z" name="Suite" finished-at="2020-10-21T07:02:42Z" duration-ms="81074">
    <groups>
    </groups>
    <test started-at="2020-10-21T07:01:21Z" name="Test" finished-at="2020-10-21T07:02:42Z" duration-ms="81074">
      <class name="SmartData_Appilcation.SmartData_App">
        <test-method is-config="true" signature="Driver_Int()[pri:0, instance:SmartData_Appilcation.SmartData_App@68034211]" started-at="2020-10-21T07:01:16Z" name="Driver_Int" finished-at="2020-10-21T07:01:21Z" duration-ms="5412" status="PASS">
          <reporter-output>
          </reporter-output>
        </test-method> <!-- Driver_Int -->
        <test-method signature="SmartData_ContactUs()[pri:0, instance:SmartData_Appilcation.SmartData_App@68034211]" started-at="2020-10-21T07:01:21Z" name="SmartData_ContactUs" finished-at="2020-10-21T07:02:34Z" duration-ms="73129" status="PASS">
          <reporter-output>
          </reporter-output>
        </test-method> <!-- SmartData_ContactUs -->
        <test-method signature="smartData_AboutUs()[pri:1, instance:SmartData_Appilcation.SmartData_App@68034211]" started-at="2020-10-21T07:02:34Z" name="smartData_AboutUs" finished-at="2020-10-21T07:02:42Z" duration-ms="7935" status="PASS">
          <reporter-output>
          </reporter-output>
        </test-method> <!-- smartData_AboutUs -->
        <test-method is-config="true" signature="Driver_Close()[pri:0, instance:SmartData_Appilcation.SmartData_App@68034211]" started-at="2020-10-21T07:02:42Z" name="Driver_Close" finished-at="2020-10-21T07:02:43Z" duration-ms="610" status="PASS">
          <reporter-output>
          </reporter-output>
        </test-method> <!-- Driver_Close -->
      </class> <!-- SmartData_Appilcation.SmartData_App -->
    </test> <!-- Test -->
  </suite> <!-- Suite -->
</testng-results>
